\BOOKMARK [1][-]{section.1}{Forschungsstand}{}% 1
\BOOKMARK [1][-]{section.2}{Problemstellung}{}% 2
\BOOKMARK [1][-]{section.3}{Fragestellung}{}% 3
\BOOKMARK [1][-]{section.4}{Herangehensweise}{}% 4
\BOOKMARK [2][-]{subsection.4.1}{Kernthema}{section.4}% 5
\BOOKMARK [2][-]{subsection.4.2}{erste Erweiterung}{section.4}% 6
\BOOKMARK [2][-]{subsection.4.3}{zweite Erweiterung}{section.4}% 7
\BOOKMARK [2][-]{subsection.4.4}{dritte Erweiterung}{section.4}% 8
\BOOKMARK [2][-]{subsection.4.5}{vierte Erweiterung \(eventuell auch schon als zweite Erweiterung\)}{section.4}% 9
\BOOKMARK [1][-]{section.5}{Material}{}% 10
\BOOKMARK [2][-]{subsection.5.1}{Literatur}{section.5}% 11
\BOOKMARK [2][-]{subsection.5.2}{Software}{section.5}% 12
\BOOKMARK [2][-]{subsection.5.3}{Hardware}{section.5}% 13
\BOOKMARK [1][-]{section.6}{Gliederungsentwurf}{}% 14
\BOOKMARK [2][-]{subsection.6.1}{Forschungsstand}{section.6}% 15
\BOOKMARK [2][-]{subsection.6.2}{Problemstellung}{section.6}% 16
\BOOKMARK [2][-]{subsection.6.3}{Vorbetrachtungen}{section.6}% 17
\BOOKMARK [2][-]{subsection.6.4}{Umsetzung}{section.6}% 18
\BOOKMARK [2][-]{subsection.6.5}{Fazit}{section.6}% 19
\BOOKMARK [1][-]{section.7}{vorl\344ufiges Literaturverzeichnis}{}% 20
\BOOKMARK [1][-]{section.8}{grober Zeitplan}{}% 21
