2018-09-05 11:27:59,779 INFO  - Initialize application (at simulation time 9.000,000,000 s)
2018-09-05 11:27:59,782 INFO  - Activated WLAN Module (at simulation time 9.000,000,000 s)
2018-09-05 11:27:59,882 INFO  - Sent secret passphrase (at simulation time 9.000,000,000 s)
2018-09-05 11:27:59,903 INFO  - Processing event (at simulation time 10.000,000,000 s)
2018-09-05 11:27:59,910 INFO  - Sent secret passphrase (at simulation time 10.000,000,000 s)
2018-09-05 11:27:59,945 INFO  - Processing event (at simulation time 11.000,000,000 s)
2018-09-05 11:27:59,950 INFO  - Sent secret passphrase (at simulation time 11.000,000,000 s)
2018-09-05 11:27:59,963 INFO  - Processing event (at simulation time 12.000,000,000 s)
2018-09-05 11:27:59,964 INFO  - Sent secret passphrase (at simulation time 12.000,000,000 s)
2018-09-05 11:27:59,973 INFO  - Processing event (at simulation time 13.000,000,000 s)
2018-09-05 11:27:59,974 INFO  - Sent secret passphrase (at simulation time 13.000,000,000 s)
2018-09-05 11:27:59,980 INFO  - Processing event (at simulation time 14.000,000,000 s)
2018-09-05 11:27:59,981 INFO  - Sent secret passphrase (at simulation time 14.000,000,000 s)
2018-09-05 11:27:59,993 INFO  - Processing event (at simulation time 15.000,000,000 s)
2018-09-05 11:27:59,993 INFO  - Sent secret passphrase (at simulation time 15.000,000,000 s)
2018-09-05 11:28:00,014 INFO  - Processing event (at simulation time 16.000,000,000 s)
2018-09-05 11:28:00,016 INFO  - Sent secret passphrase (at simulation time 16.000,000,000 s)
2018-09-05 11:28:00,026 INFO  - Processing event (at simulation time 17.000,000,000 s)
2018-09-05 11:28:00,026 INFO  - Sent secret passphrase (at simulation time 17.000,000,000 s)
2018-09-05 11:28:00,038 INFO  - Processing event (at simulation time 18.000,000,000 s)
2018-09-05 11:28:00,042 INFO  - Sent secret passphrase (at simulation time 18.000,000,000 s)
2018-09-05 11:28:00,053 INFO  - Processing event (at simulation time 19.000,000,000 s)
2018-09-05 11:28:00,054 INFO  - Sent secret passphrase (at simulation time 19.000,000,000 s)
2018-09-05 11:28:00,066 INFO  - Processing event (at simulation time 20.000,000,000 s)
2018-09-05 11:28:00,066 INFO  - Sent secret passphrase (at simulation time 20.000,000,000 s)
2018-09-05 11:28:00,080 INFO  - Processing event (at simulation time 21.000,000,000 s)
2018-09-05 11:28:00,081 INFO  - Sent secret passphrase (at simulation time 21.000,000,000 s)
2018-09-05 11:28:00,094 INFO  - Processing event (at simulation time 22.000,000,000 s)
2018-09-05 11:28:00,095 INFO  - Sent secret passphrase (at simulation time 22.000,000,000 s)
2018-09-05 11:28:00,102 INFO  - Processing event (at simulation time 23.000,000,000 s)
2018-09-05 11:28:00,103 INFO  - Sent secret passphrase (at simulation time 23.000,000,000 s)
2018-09-05 11:28:00,114 INFO  - Processing event (at simulation time 24.000,000,000 s)
2018-09-05 11:28:00,122 INFO  - Sent secret passphrase (at simulation time 24.000,000,000 s)
2018-09-05 11:28:00,133 INFO  - Processing event (at simulation time 25.000,000,000 s)
2018-09-05 11:28:00,134 INFO  - Sent secret passphrase (at simulation time 25.000,000,000 s)
2018-09-05 11:28:00,150 INFO  - Processing event (at simulation time 26.000,000,000 s)
2018-09-05 11:28:00,150 INFO  - Sent secret passphrase (at simulation time 26.000,000,000 s)
2018-09-05 11:28:00,159 INFO  - Processing event (at simulation time 27.000,000,000 s)
2018-09-05 11:28:00,159 INFO  - Sent secret passphrase (at simulation time 27.000,000,000 s)
2018-09-05 11:28:00,168 INFO  - Processing event (at simulation time 28.000,000,000 s)
2018-09-05 11:28:00,168 INFO  - Sent secret passphrase (at simulation time 28.000,000,000 s)
2018-09-05 11:28:00,172 INFO  - Processing event (at simulation time 29.000,000,000 s)
2018-09-05 11:28:00,172 INFO  - Sent secret passphrase (at simulation time 29.000,000,000 s)
2018-09-05 11:28:00,185 INFO  - Processing event (at simulation time 30.000,000,000 s)
2018-09-05 11:28:00,185 INFO  - Sent secret passphrase (at simulation time 30.000,000,000 s)
2018-09-05 11:28:00,191 INFO  - Processing event (at simulation time 31.000,000,000 s)
2018-09-05 11:28:00,192 INFO  - Sent secret passphrase (at simulation time 31.000,000,000 s)
2018-09-05 11:28:00,198 INFO  - Processing event (at simulation time 32.000,000,000 s)
2018-09-05 11:28:00,198 INFO  - Sent secret passphrase (at simulation time 32.000,000,000 s)
2018-09-05 11:28:00,206 INFO  - Processing event (at simulation time 33.000,000,000 s)
2018-09-05 11:28:00,206 INFO  - Sent secret passphrase (at simulation time 33.000,000,000 s)
2018-09-05 11:28:00,216 INFO  - Processing event (at simulation time 34.000,000,000 s)
2018-09-05 11:28:00,216 INFO  - Sent secret passphrase (at simulation time 34.000,000,000 s)
2018-09-05 11:28:00,220 INFO  - Processing event (at simulation time 35.000,000,000 s)
2018-09-05 11:28:00,220 INFO  - Sent secret passphrase (at simulation time 35.000,000,000 s)
2018-09-05 11:28:00,249 INFO  - Processing event (at simulation time 36.000,000,000 s)
2018-09-05 11:28:00,249 INFO  - Sent secret passphrase (at simulation time 36.000,000,000 s)
2018-09-05 11:28:00,257 INFO  - Processing event (at simulation time 37.000,000,000 s)
2018-09-05 11:28:00,258 INFO  - Sent secret passphrase (at simulation time 37.000,000,000 s)
2018-09-05 11:28:00,270 INFO  - Processing event (at simulation time 38.000,000,000 s)
2018-09-05 11:28:00,271 INFO  - Sent secret passphrase (at simulation time 38.000,000,000 s)
2018-09-05 11:28:00,282 INFO  - Processing event (at simulation time 39.000,000,000 s)
2018-09-05 11:28:00,282 INFO  - Sent secret passphrase (at simulation time 39.000,000,000 s)
2018-09-05 11:28:00,291 INFO  - Processing event (at simulation time 40.000,000,000 s)
2018-09-05 11:28:00,291 INFO  - Sent secret passphrase (at simulation time 40.000,000,000 s)
2018-09-05 11:28:00,301 INFO  - Processing event (at simulation time 41.000,000,000 s)
2018-09-05 11:28:00,302 INFO  - Sent secret passphrase (at simulation time 41.000,000,000 s)
2018-09-05 11:28:00,309 INFO  - Processing event (at simulation time 42.000,000,000 s)
2018-09-05 11:28:00,310 INFO  - Sent secret passphrase (at simulation time 42.000,000,000 s)
2018-09-05 11:28:00,313 INFO  - Processing event (at simulation time 43.000,000,000 s)
2018-09-05 11:28:00,313 INFO  - Sent secret passphrase (at simulation time 43.000,000,000 s)
2018-09-05 11:28:00,334 INFO  - Processing event (at simulation time 44.000,000,000 s)
2018-09-05 11:28:00,334 INFO  - Sent secret passphrase (at simulation time 44.000,000,000 s)
2018-09-05 11:28:00,342 INFO  - Processing event (at simulation time 45.000,000,000 s)
2018-09-05 11:28:00,342 INFO  - Sent secret passphrase (at simulation time 45.000,000,000 s)
2018-09-05 11:28:00,358 INFO  - Processing event (at simulation time 46.000,000,000 s)
2018-09-05 11:28:00,358 INFO  - Sent secret passphrase (at simulation time 46.000,000,000 s)
2018-09-05 11:28:00,371 INFO  - Processing event (at simulation time 47.000,000,000 s)
2018-09-05 11:28:00,371 INFO  - Sent secret passphrase (at simulation time 47.000,000,000 s)
2018-09-05 11:28:00,385 INFO  - Processing event (at simulation time 48.000,000,000 s)
2018-09-05 11:28:00,385 INFO  - Sent secret passphrase (at simulation time 48.000,000,000 s)
2018-09-05 11:28:00,389 INFO  - Processing event (at simulation time 49.000,000,000 s)
2018-09-05 11:28:00,390 INFO  - Sent secret passphrase (at simulation time 49.000,000,000 s)
2018-09-05 11:28:00,439 INFO  - Processing event (at simulation time 50.000,000,000 s)
2018-09-05 11:28:00,439 INFO  - Sent secret passphrase (at simulation time 50.000,000,000 s)
2018-09-05 11:28:00,448 INFO  - Processing event (at simulation time 51.000,000,000 s)
2018-09-05 11:28:00,449 INFO  - Sent secret passphrase (at simulation time 51.000,000,000 s)
2018-09-05 11:28:00,459 INFO  - Processing event (at simulation time 52.000,000,000 s)
2018-09-05 11:28:00,460 INFO  - Sent secret passphrase (at simulation time 52.000,000,000 s)
2018-09-05 11:28:00,463 INFO  - Processing event (at simulation time 53.000,000,000 s)
2018-09-05 11:28:00,463 INFO  - Sent secret passphrase (at simulation time 53.000,000,000 s)
2018-09-05 11:28:00,469 INFO  - Processing event (at simulation time 54.000,000,000 s)
2018-09-05 11:28:00,470 INFO  - Sent secret passphrase (at simulation time 54.000,000,000 s)
2018-09-05 11:28:00,479 INFO  - Processing event (at simulation time 55.000,000,000 s)
2018-09-05 11:28:00,480 INFO  - Sent secret passphrase (at simulation time 55.000,000,000 s)
2018-09-05 11:28:00,493 INFO  - Processing event (at simulation time 56.000,000,000 s)
2018-09-05 11:28:00,498 INFO  - Sent secret passphrase (at simulation time 56.000,000,000 s)
2018-09-05 11:28:00,509 INFO  - Processing event (at simulation time 57.000,000,000 s)
2018-09-05 11:28:00,510 INFO  - Sent secret passphrase (at simulation time 57.000,000,000 s)
2018-09-05 11:28:00,518 INFO  - Processing event (at simulation time 58.000,000,000 s)
2018-09-05 11:28:00,518 INFO  - Sent secret passphrase (at simulation time 58.000,000,000 s)
2018-09-05 11:28:00,531 INFO  - Processing event (at simulation time 59.000,000,000 s)
2018-09-05 11:28:00,531 INFO  - Sent secret passphrase (at simulation time 59.000,000,000 s)
2018-09-05 11:28:00,536 INFO  - Processing event (at simulation time 60.000,000,000 s)
2018-09-05 11:28:00,537 INFO  - Sent secret passphrase (at simulation time 60.000,000,000 s)
2018-09-05 11:28:00,549 INFO  - Processing event (at simulation time 61.000,000,000 s)
2018-09-05 11:28:00,550 INFO  - Sent secret passphrase (at simulation time 61.000,000,000 s)
2018-09-05 11:28:00,555 INFO  - Processing event (at simulation time 62.000,000,000 s)
2018-09-05 11:28:00,562 INFO  - Sent secret passphrase (at simulation time 62.000,000,000 s)
2018-09-05 11:28:00,566 INFO  - Processing event (at simulation time 63.000,000,000 s)
2018-09-05 11:28:00,566 INFO  - Sent secret passphrase (at simulation time 63.000,000,000 s)
2018-09-05 11:28:00,571 INFO  - Processing event (at simulation time 64.000,000,000 s)
2018-09-05 11:28:00,571 INFO  - Sent secret passphrase (at simulation time 64.000,000,000 s)
2018-09-05 11:28:00,579 INFO  - Processing event (at simulation time 65.000,000,000 s)
2018-09-05 11:28:00,580 INFO  - Sent secret passphrase (at simulation time 65.000,000,000 s)
2018-09-05 11:28:00,588 INFO  - Processing event (at simulation time 66.000,000,000 s)
2018-09-05 11:28:00,589 INFO  - Sent secret passphrase (at simulation time 66.000,000,000 s)
2018-09-05 11:28:00,594 INFO  - Processing event (at simulation time 67.000,000,000 s)
2018-09-05 11:28:00,594 INFO  - Sent secret passphrase (at simulation time 67.000,000,000 s)
2018-09-05 11:28:00,599 INFO  - Processing event (at simulation time 68.000,000,000 s)
2018-09-05 11:28:00,599 INFO  - Sent secret passphrase (at simulation time 68.000,000,000 s)
2018-09-05 11:28:00,602 INFO  - Processing event (at simulation time 69.000,000,000 s)
2018-09-05 11:28:00,602 INFO  - Sent secret passphrase (at simulation time 69.000,000,000 s)
2018-09-05 11:28:00,609 INFO  - Processing event (at simulation time 70.000,000,000 s)
2018-09-05 11:28:00,609 INFO  - Sent secret passphrase (at simulation time 70.000,000,000 s)
2018-09-05 11:28:00,615 INFO  - Processing event (at simulation time 71.000,000,000 s)
2018-09-05 11:28:00,616 INFO  - Sent secret passphrase (at simulation time 71.000,000,000 s)
2018-09-05 11:28:00,620 INFO  - Processing event (at simulation time 72.000,000,000 s)
2018-09-05 11:28:00,621 INFO  - Sent secret passphrase (at simulation time 72.000,000,000 s)
2018-09-05 11:28:00,626 INFO  - Processing event (at simulation time 73.000,000,000 s)
2018-09-05 11:28:00,626 INFO  - Sent secret passphrase (at simulation time 73.000,000,000 s)
2018-09-05 11:28:00,631 INFO  - Processing event (at simulation time 74.000,000,000 s)
2018-09-05 11:28:00,631 INFO  - Sent secret passphrase (at simulation time 74.000,000,000 s)
2018-09-05 11:28:00,635 INFO  - Processing event (at simulation time 75.000,000,000 s)
2018-09-05 11:28:00,636 INFO  - Sent secret passphrase (at simulation time 75.000,000,000 s)
2018-09-05 11:28:00,645 INFO  - Processing event (at simulation time 76.000,000,000 s)
2018-09-05 11:28:00,647 INFO  - Sent secret passphrase (at simulation time 76.000,000,000 s)
2018-09-05 11:28:00,651 INFO  - Processing event (at simulation time 77.000,000,000 s)
2018-09-05 11:28:00,651 INFO  - Sent secret passphrase (at simulation time 77.000,000,000 s)
2018-09-05 11:28:00,668 INFO  - Processing event (at simulation time 78.000,000,000 s)
2018-09-05 11:28:00,669 INFO  - Sent secret passphrase (at simulation time 78.000,000,000 s)
2018-09-05 11:28:00,694 INFO  - Processing event (at simulation time 79.000,000,000 s)
2018-09-05 11:28:00,697 INFO  - Sent secret passphrase (at simulation time 79.000,000,000 s)
2018-09-05 11:28:00,710 INFO  - Processing event (at simulation time 80.000,000,000 s)
2018-09-05 11:28:00,710 INFO  - Sent secret passphrase (at simulation time 80.000,000,000 s)
2018-09-05 11:28:00,718 INFO  - Processing event (at simulation time 81.000,000,000 s)
2018-09-05 11:28:00,718 INFO  - Sent secret passphrase (at simulation time 81.000,000,000 s)
2018-09-05 11:28:00,729 INFO  - Processing event (at simulation time 82.000,000,000 s)
2018-09-05 11:28:00,731 INFO  - Sent secret passphrase (at simulation time 82.000,000,000 s)
2018-09-05 11:28:00,737 INFO  - Processing event (at simulation time 83.000,000,000 s)
2018-09-05 11:28:00,738 INFO  - Sent secret passphrase (at simulation time 83.000,000,000 s)
2018-09-05 11:28:00,751 INFO  - Processing event (at simulation time 84.000,000,000 s)
2018-09-05 11:28:00,751 INFO  - Sent secret passphrase (at simulation time 84.000,000,000 s)
2018-09-05 11:28:00,754 INFO  - Processing event (at simulation time 85.000,000,000 s)
2018-09-05 11:28:00,754 INFO  - Sent secret passphrase (at simulation time 85.000,000,000 s)
2018-09-05 11:28:00,769 INFO  - Processing event (at simulation time 86.000,000,000 s)
2018-09-05 11:28:00,769 INFO  - Sent secret passphrase (at simulation time 86.000,000,000 s)
2018-09-05 11:28:00,772 INFO  - Processing event (at simulation time 87.000,000,000 s)
2018-09-05 11:28:00,772 INFO  - Sent secret passphrase (at simulation time 87.000,000,000 s)
2018-09-05 11:28:00,780 INFO  - Processing event (at simulation time 88.000,000,000 s)
2018-09-05 11:28:00,780 INFO  - Sent secret passphrase (at simulation time 88.000,000,000 s)
2018-09-05 11:28:00,787 INFO  - Processing event (at simulation time 89.000,000,000 s)
2018-09-05 11:28:00,787 INFO  - Sent secret passphrase (at simulation time 89.000,000,000 s)
2018-09-05 11:28:00,798 INFO  - Processing event (at simulation time 90.000,000,000 s)
2018-09-05 11:28:00,799 INFO  - Sent secret passphrase (at simulation time 90.000,000,000 s)
2018-09-05 11:28:00,807 INFO  - Processing event (at simulation time 91.000,000,000 s)
2018-09-05 11:28:00,808 INFO  - Sent secret passphrase (at simulation time 91.000,000,000 s)
2018-09-05 11:28:00,813 INFO  - Processing event (at simulation time 92.000,000,000 s)
2018-09-05 11:28:00,814 INFO  - Sent secret passphrase (at simulation time 92.000,000,000 s)
2018-09-05 11:28:00,818 INFO  - Processing event (at simulation time 93.000,000,000 s)
2018-09-05 11:28:00,820 INFO  - Sent secret passphrase (at simulation time 93.000,000,000 s)
2018-09-05 11:28:00,828 INFO  - Processing event (at simulation time 94.000,000,000 s)
2018-09-05 11:28:00,829 INFO  - Sent secret passphrase (at simulation time 94.000,000,000 s)
2018-09-05 11:28:00,839 INFO  - Processing event (at simulation time 95.000,000,000 s)
2018-09-05 11:28:00,840 INFO  - Sent secret passphrase (at simulation time 95.000,000,000 s)
2018-09-05 11:28:00,846 INFO  - Processing event (at simulation time 96.000,000,000 s)
2018-09-05 11:28:00,846 INFO  - Sent secret passphrase (at simulation time 96.000,000,000 s)
2018-09-05 11:28:00,849 INFO  - Processing event (at simulation time 97.000,000,000 s)
2018-09-05 11:28:00,850 INFO  - Sent secret passphrase (at simulation time 97.000,000,000 s)
2018-09-05 11:28:00,859 INFO  - Processing event (at simulation time 98.000,000,000 s)
2018-09-05 11:28:00,860 INFO  - Sent secret passphrase (at simulation time 98.000,000,000 s)
2018-09-05 11:28:00,868 INFO  - Processing event (at simulation time 99.000,000,000 s)
2018-09-05 11:28:00,868 INFO  - Sent secret passphrase (at simulation time 99.000,000,000 s)
2018-09-05 11:28:00,876 INFO  - Processing event (at simulation time 100.000,000,000 s)
2018-09-05 11:28:00,876 INFO  - Sent secret passphrase (at simulation time 100.000,000,000 s)
2018-09-05 11:28:00,888 INFO  - Processing event (at simulation time 101.000,000,000 s)
2018-09-05 11:28:00,888 INFO  - Sent secret passphrase (at simulation time 101.000,000,000 s)
2018-09-05 11:28:00,895 INFO  - Processing event (at simulation time 102.000,000,000 s)
2018-09-05 11:28:00,895 INFO  - Sent secret passphrase (at simulation time 102.000,000,000 s)
2018-09-05 11:28:00,899 INFO  - Processing event (at simulation time 103.000,000,000 s)
2018-09-05 11:28:00,899 INFO  - Sent secret passphrase (at simulation time 103.000,000,000 s)
2018-09-05 11:28:00,903 INFO  - Processing event (at simulation time 104.000,000,000 s)
2018-09-05 11:28:00,903 INFO  - Sent secret passphrase (at simulation time 104.000,000,000 s)
2018-09-05 11:28:00,915 INFO  - Processing event (at simulation time 105.000,000,000 s)
2018-09-05 11:28:00,916 INFO  - Sent secret passphrase (at simulation time 105.000,000,000 s)
2018-09-05 11:28:00,932 INFO  - Processing event (at simulation time 106.000,000,000 s)
2018-09-05 11:28:00,933 INFO  - Sent secret passphrase (at simulation time 106.000,000,000 s)
2018-09-05 11:28:00,936 INFO  - Processing event (at simulation time 107.000,000,000 s)
2018-09-05 11:28:00,937 INFO  - Sent secret passphrase (at simulation time 107.000,000,000 s)
2018-09-05 11:28:00,943 INFO  - Processing event (at simulation time 108.000,000,000 s)
2018-09-05 11:28:00,944 INFO  - Sent secret passphrase (at simulation time 108.000,000,000 s)
2018-09-05 11:28:00,947 INFO  - Processing event (at simulation time 109.000,000,000 s)
2018-09-05 11:28:00,949 INFO  - Sent secret passphrase (at simulation time 109.000,000,000 s)
2018-09-05 11:28:00,953 INFO  - Processing event (at simulation time 110.000,000,000 s)
2018-09-05 11:28:00,953 INFO  - Sent secret passphrase (at simulation time 110.000,000,000 s)
2018-09-05 11:28:00,963 INFO  - Processing event (at simulation time 111.000,000,000 s)
2018-09-05 11:28:00,963 INFO  - Sent secret passphrase (at simulation time 111.000,000,000 s)
2018-09-05 11:28:00,967 INFO  - Processing event (at simulation time 112.000,000,000 s)
2018-09-05 11:28:00,968 INFO  - Sent secret passphrase (at simulation time 112.000,000,000 s)
2018-09-05 11:28:00,970 INFO  - Processing event (at simulation time 113.000,000,000 s)
2018-09-05 11:28:00,971 INFO  - Sent secret passphrase (at simulation time 113.000,000,000 s)
2018-09-05 11:28:00,980 INFO  - Processing event (at simulation time 114.000,000,000 s)
2018-09-05 11:28:00,980 INFO  - Sent secret passphrase (at simulation time 114.000,000,000 s)
2018-09-05 11:28:00,983 INFO  - Processing event (at simulation time 115.000,000,000 s)
2018-09-05 11:28:00,983 INFO  - Sent secret passphrase (at simulation time 115.000,000,000 s)
2018-09-05 11:28:01,001 INFO  - Processing event (at simulation time 116.000,000,000 s)
2018-09-05 11:28:01,002 INFO  - Sent secret passphrase (at simulation time 116.000,000,000 s)
2018-09-05 11:28:01,005 INFO  - Processing event (at simulation time 117.000,000,000 s)
2018-09-05 11:28:01,006 INFO  - Sent secret passphrase (at simulation time 117.000,000,000 s)
2018-09-05 11:28:01,013 INFO  - Processing event (at simulation time 118.000,000,000 s)
2018-09-05 11:28:01,013 INFO  - Sent secret passphrase (at simulation time 118.000,000,000 s)
2018-09-05 11:28:01,015 INFO  - Processing event (at simulation time 119.000,000,000 s)
2018-09-05 11:28:01,016 INFO  - Sent secret passphrase (at simulation time 119.000,000,000 s)
2018-09-05 11:28:01,025 INFO  - Processing event (at simulation time 120.000,000,000 s)
2018-09-05 11:28:01,026 INFO  - Sent secret passphrase (at simulation time 120.000,000,000 s)
2018-09-05 11:28:01,030 INFO  - Processing event (at simulation time 121.000,000,000 s)
2018-09-05 11:28:01,030 INFO  - Sent secret passphrase (at simulation time 121.000,000,000 s)
2018-09-05 11:28:01,041 INFO  - Processing event (at simulation time 122.000,000,000 s)
2018-09-05 11:28:01,042 INFO  - Sent secret passphrase (at simulation time 122.000,000,000 s)
2018-09-05 11:28:01,051 INFO  - Processing event (at simulation time 123.000,000,000 s)
2018-09-05 11:28:01,051 INFO  - Sent secret passphrase (at simulation time 123.000,000,000 s)
2018-09-05 11:28:01,062 INFO  - Processing event (at simulation time 124.000,000,000 s)
2018-09-05 11:28:01,062 INFO  - Sent secret passphrase (at simulation time 124.000,000,000 s)
2018-09-05 11:28:01,068 INFO  - Processing event (at simulation time 125.000,000,000 s)
2018-09-05 11:28:01,069 INFO  - Sent secret passphrase (at simulation time 125.000,000,000 s)
2018-09-05 11:28:01,085 INFO  - Processing event (at simulation time 126.000,000,000 s)
2018-09-05 11:28:01,086 INFO  - Sent secret passphrase (at simulation time 126.000,000,000 s)
2018-09-05 11:28:01,100 INFO  - Processing event (at simulation time 127.000,000,000 s)
2018-09-05 11:28:01,101 INFO  - Sent secret passphrase (at simulation time 127.000,000,000 s)
2018-09-05 11:28:01,117 INFO  - Processing event (at simulation time 128.000,000,000 s)
2018-09-05 11:28:01,117 INFO  - Sent secret passphrase (at simulation time 128.000,000,000 s)
2018-09-05 11:28:01,120 INFO  - Processing event (at simulation time 129.000,000,000 s)
2018-09-05 11:28:01,121 INFO  - Sent secret passphrase (at simulation time 129.000,000,000 s)
2018-09-05 11:28:01,135 INFO  - Processing event (at simulation time 130.000,000,000 s)
2018-09-05 11:28:01,135 INFO  - Sent secret passphrase (at simulation time 130.000,000,000 s)
2018-09-05 11:28:01,150 INFO  - Processing event (at simulation time 131.000,000,000 s)
2018-09-05 11:28:01,150 INFO  - Sent secret passphrase (at simulation time 131.000,000,000 s)
2018-09-05 11:28:01,167 INFO  - Processing event (at simulation time 132.000,000,000 s)
2018-09-05 11:28:01,168 INFO  - Sent secret passphrase (at simulation time 132.000,000,000 s)
2018-09-05 11:28:01,171 INFO  - Processing event (at simulation time 133.000,000,000 s)
2018-09-05 11:28:01,176 INFO  - Sent secret passphrase (at simulation time 133.000,000,000 s)
2018-09-05 11:28:01,187 INFO  - Processing event (at simulation time 134.000,000,000 s)
2018-09-05 11:28:01,187 INFO  - Sent secret passphrase (at simulation time 134.000,000,000 s)
2018-09-05 11:28:01,200 INFO  - Processing event (at simulation time 135.000,000,000 s)
2018-09-05 11:28:01,200 INFO  - Sent secret passphrase (at simulation time 135.000,000,000 s)
2018-09-05 11:28:01,213 INFO  - Processing event (at simulation time 136.000,000,000 s)
2018-09-05 11:28:01,214 INFO  - Sent secret passphrase (at simulation time 136.000,000,000 s)
2018-09-05 11:28:01,217 INFO  - Processing event (at simulation time 137.000,000,000 s)
2018-09-05 11:28:01,217 INFO  - Sent secret passphrase (at simulation time 137.000,000,000 s)
2018-09-05 11:28:01,220 INFO  - Processing event (at simulation time 138.000,000,000 s)
2018-09-05 11:28:01,221 INFO  - Sent secret passphrase (at simulation time 138.000,000,000 s)
2018-09-05 11:28:01,232 INFO  - Processing event (at simulation time 139.000,000,000 s)
2018-09-05 11:28:01,233 INFO  - Sent secret passphrase (at simulation time 139.000,000,000 s)
2018-09-05 11:28:01,236 INFO  - Processing event (at simulation time 140.000,000,000 s)
2018-09-05 11:28:01,236 INFO  - Sent secret passphrase (at simulation time 140.000,000,000 s)
2018-09-05 11:28:01,248 INFO  - Processing event (at simulation time 141.000,000,000 s)
2018-09-05 11:28:01,248 INFO  - Sent secret passphrase (at simulation time 141.000,000,000 s)
2018-09-05 11:28:01,251 INFO  - Processing event (at simulation time 142.000,000,000 s)
2018-09-05 11:28:01,251 INFO  - Sent secret passphrase (at simulation time 142.000,000,000 s)
2018-09-05 11:28:01,263 INFO  - Processing event (at simulation time 143.000,000,000 s)
2018-09-05 11:28:01,263 INFO  - Sent secret passphrase (at simulation time 143.000,000,000 s)
2018-09-05 11:28:01,267 INFO  - Processing event (at simulation time 144.000,000,000 s)
2018-09-05 11:28:01,267 INFO  - Sent secret passphrase (at simulation time 144.000,000,000 s)
2018-09-05 11:28:01,270 INFO  - Processing event (at simulation time 145.000,000,000 s)
2018-09-05 11:28:01,270 INFO  - Sent secret passphrase (at simulation time 145.000,000,000 s)
2018-09-05 11:28:01,282 INFO  - Processing event (at simulation time 146.000,000,000 s)
2018-09-05 11:28:01,282 INFO  - Sent secret passphrase (at simulation time 146.000,000,000 s)
2018-09-05 11:28:01,284 INFO  - Processing event (at simulation time 147.000,000,000 s)
2018-09-05 11:28:01,285 INFO  - Sent secret passphrase (at simulation time 147.000,000,000 s)
2018-09-05 11:28:01,288 INFO  - Processing event (at simulation time 148.000,000,000 s)
2018-09-05 11:28:01,295 INFO  - Sent secret passphrase (at simulation time 148.000,000,000 s)
2018-09-05 11:28:01,299 INFO  - Processing event (at simulation time 149.000,000,000 s)
2018-09-05 11:28:01,299 INFO  - Sent secret passphrase (at simulation time 149.000,000,000 s)
2018-09-05 11:28:01,302 INFO  - Processing event (at simulation time 150.000,000,000 s)
2018-09-05 11:28:01,302 INFO  - Sent secret passphrase (at simulation time 150.000,000,000 s)
2018-09-05 11:28:01,313 INFO  - Processing event (at simulation time 151.000,000,000 s)
2018-09-05 11:28:01,313 INFO  - Sent secret passphrase (at simulation time 151.000,000,000 s)
2018-09-05 11:28:01,316 INFO  - Processing event (at simulation time 152.000,000,000 s)
2018-09-05 11:28:01,317 INFO  - Sent secret passphrase (at simulation time 152.000,000,000 s)
2018-09-05 11:28:01,319 INFO  - Processing event (at simulation time 153.000,000,000 s)
2018-09-05 11:28:01,320 INFO  - Sent secret passphrase (at simulation time 153.000,000,000 s)
2018-09-05 11:28:01,331 INFO  - Processing event (at simulation time 154.000,000,000 s)
2018-09-05 11:28:01,331 INFO  - Sent secret passphrase (at simulation time 154.000,000,000 s)
2018-09-05 11:28:01,334 INFO  - Processing event (at simulation time 155.000,000,000 s)
2018-09-05 11:28:01,334 INFO  - Sent secret passphrase (at simulation time 155.000,000,000 s)
2018-09-05 11:28:01,345 INFO  - Processing event (at simulation time 156.000,000,000 s)
2018-09-05 11:28:01,345 INFO  - Sent secret passphrase (at simulation time 156.000,000,000 s)
2018-09-05 11:28:01,349 INFO  - Processing event (at simulation time 157.000,000,000 s)
2018-09-05 11:28:01,349 INFO  - Sent secret passphrase (at simulation time 157.000,000,000 s)
2018-09-05 11:28:01,353 INFO  - Processing event (at simulation time 158.000,000,000 s)
2018-09-05 11:28:01,353 INFO  - Sent secret passphrase (at simulation time 158.000,000,000 s)
2018-09-05 11:28:01,362 INFO  - Processing event (at simulation time 159.000,000,000 s)
2018-09-05 11:28:01,363 INFO  - Sent secret passphrase (at simulation time 159.000,000,000 s)
2018-09-05 11:28:01,366 INFO  - Processing event (at simulation time 160.000,000,000 s)
2018-09-05 11:28:01,366 INFO  - Sent secret passphrase (at simulation time 160.000,000,000 s)
2018-09-05 11:28:01,369 INFO  - Processing event (at simulation time 161.000,000,000 s)
2018-09-05 11:28:01,369 INFO  - Sent secret passphrase (at simulation time 161.000,000,000 s)
2018-09-05 11:28:01,379 INFO  - Processing event (at simulation time 162.000,000,000 s)
2018-09-05 11:28:01,380 INFO  - Sent secret passphrase (at simulation time 162.000,000,000 s)
2018-09-05 11:28:01,382 INFO  - Processing event (at simulation time 163.000,000,000 s)
2018-09-05 11:28:01,382 INFO  - Sent secret passphrase (at simulation time 163.000,000,000 s)
2018-09-05 11:28:01,385 INFO  - Processing event (at simulation time 164.000,000,000 s)
2018-09-05 11:28:01,385 INFO  - Sent secret passphrase (at simulation time 164.000,000,000 s)
2018-09-05 11:28:01,387 INFO  - Processing event (at simulation time 165.000,000,000 s)
2018-09-05 11:28:01,388 INFO  - Sent secret passphrase (at simulation time 165.000,000,000 s)
2018-09-05 11:28:01,400 INFO  - Processing event (at simulation time 166.000,000,000 s)
2018-09-05 11:28:01,400 INFO  - Sent secret passphrase (at simulation time 166.000,000,000 s)
2018-09-05 11:28:01,402 INFO  - Processing event (at simulation time 167.000,000,000 s)
2018-09-05 11:28:01,403 INFO  - Sent secret passphrase (at simulation time 167.000,000,000 s)
2018-09-05 11:28:01,413 INFO  - Processing event (at simulation time 168.000,000,000 s)
2018-09-05 11:28:01,413 INFO  - Sent secret passphrase (at simulation time 168.000,000,000 s)
2018-09-05 11:28:01,416 INFO  - Processing event (at simulation time 169.000,000,000 s)
2018-09-05 11:28:01,416 INFO  - Sent secret passphrase (at simulation time 169.000,000,000 s)
2018-09-05 11:28:01,418 INFO  - Processing event (at simulation time 170.000,000,000 s)
2018-09-05 11:28:01,419 INFO  - Sent secret passphrase (at simulation time 170.000,000,000 s)
2018-09-05 11:28:01,428 INFO  - Processing event (at simulation time 171.000,000,000 s)
2018-09-05 11:28:01,429 INFO  - Sent secret passphrase (at simulation time 171.000,000,000 s)
2018-09-05 11:28:01,433 INFO  - Processing event (at simulation time 172.000,000,000 s)
2018-09-05 11:28:01,433 INFO  - Sent secret passphrase (at simulation time 172.000,000,000 s)
2018-09-05 11:28:01,435 INFO  - Processing event (at simulation time 173.000,000,000 s)
2018-09-05 11:28:01,435 INFO  - Sent secret passphrase (at simulation time 173.000,000,000 s)
2018-09-05 11:28:01,445 INFO  - Processing event (at simulation time 174.000,000,000 s)
2018-09-05 11:28:01,446 INFO  - Sent secret passphrase (at simulation time 174.000,000,000 s)
2018-09-05 11:28:01,448 INFO  - Processing event (at simulation time 175.000,000,000 s)
2018-09-05 11:28:01,449 INFO  - Sent secret passphrase (at simulation time 175.000,000,000 s)
2018-09-05 11:28:01,453 INFO  - Processing event (at simulation time 176.000,000,000 s)
2018-09-05 11:28:01,454 INFO  - Sent secret passphrase (at simulation time 176.000,000,000 s)
2018-09-05 11:28:01,463 INFO  - Processing event (at simulation time 177.000,000,000 s)
2018-09-05 11:28:01,463 INFO  - Sent secret passphrase (at simulation time 177.000,000,000 s)
2018-09-05 11:28:01,466 INFO  - Processing event (at simulation time 178.000,000,000 s)
2018-09-05 11:28:01,466 INFO  - Sent secret passphrase (at simulation time 178.000,000,000 s)
2018-09-05 11:28:01,469 INFO  - Processing event (at simulation time 179.000,000,000 s)
2018-09-05 11:28:01,469 INFO  - Sent secret passphrase (at simulation time 179.000,000,000 s)
2018-09-05 11:28:01,471 INFO  - Shutdown application (at simulation time 179.000,000,010 s)
