2018-09-05 11:27:59,709 INFO  - Initialize application (at simulation time 6.000,000,000 s)
2018-09-05 11:27:59,711 INFO  - Activated AdHoc Module (at simulation time 6.000,000,000 s)
2018-09-05 11:27:59,731 INFO  - Received event: 6000 (at simulation time IntraVehicleMsg)
2018-09-05 11:27:59,748 INFO  - Received event: 7000 (at simulation time IntraVehicleMsg)
2018-09-05 11:27:59,763 INFO  - Received event: 8000 (at simulation time IntraVehicleMsg)
2018-09-05 11:27:59,886 INFO  - Received event: 9000 (at simulation time IntraVehicleMsg)
2018-09-05 11:27:59,916 INFO  - Received event: 10000 (at simulation time IntraVehicleMsg)
2018-09-05 11:27:59,955 INFO  - Received event: 11000 (at simulation time IntraVehicleMsg)
2018-09-05 11:27:59,964 INFO  - Received event: 12000 (at simulation time IntraVehicleMsg)
2018-09-05 11:27:59,975 INFO  - Received event: 13000 (at simulation time IntraVehicleMsg)
2018-09-05 11:27:59,989 INFO  - Received event: 14000 (at simulation time IntraVehicleMsg)
2018-09-05 11:28:00,003 INFO  - Received event: 15000 (at simulation time IntraVehicleMsg)
2018-09-05 11:28:00,022 INFO  - Received event: 16000 (at simulation time IntraVehicleMsg)
2018-09-05 11:28:00,027 INFO  - Received event: 17000 (at simulation time IntraVehicleMsg)
2018-09-05 11:28:00,043 INFO  - Received event: 18000 (at simulation time IntraVehicleMsg)
2018-09-05 11:28:00,050 INFO  - Received V2X Message from rsu_0 (at simulation time 18.001,400,000 s)
2018-09-05 11:28:00,054 INFO  - Received event: 19000 (at simulation time IntraVehicleMsg)
2018-09-05 11:28:00,072 INFO  - Received event: 20000 (at simulation time IntraVehicleMsg)
2018-09-05 11:28:00,073 INFO  - Received V2X Message from rsu_0 (at simulation time 20.001,900,000 s)
2018-09-05 11:28:00,083 INFO  - Received event: 21000 (at simulation time IntraVehicleMsg)
2018-09-05 11:28:00,096 INFO  - Received event: 22000 (at simulation time IntraVehicleMsg)
2018-09-05 11:28:00,096 INFO  - Received V2X Message from rsu_0 (at simulation time 22.001,900,000 s)
2018-09-05 11:28:00,104 INFO  - Received event: 23000 (at simulation time IntraVehicleMsg)
2018-09-05 11:28:00,123 INFO  - Received event: 24000 (at simulation time IntraVehicleMsg)
2018-09-05 11:28:00,124 INFO  - Received V2X Message from rsu_0 (at simulation time 24.002,400,000 s)
2018-09-05 11:28:00,136 INFO  - Received event: 25000 (at simulation time IntraVehicleMsg)
2018-09-05 11:28:00,151 INFO  - Received event: 26000 (at simulation time IntraVehicleMsg)
2018-09-05 11:28:00,155 INFO  - Received V2X Message from rsu_0 (at simulation time 26.000,900,000 s)
2018-09-05 11:28:00,160 INFO  - Received event: 27000 (at simulation time IntraVehicleMsg)
2018-09-05 11:28:00,169 INFO  - Received event: 28000 (at simulation time IntraVehicleMsg)
2018-09-05 11:28:00,169 INFO  - Received V2X Message from rsu_0 (at simulation time 28.002,400,000 s)
2018-09-05 11:28:00,173 INFO  - Received event: 29000 (at simulation time IntraVehicleMsg)
2018-09-05 11:28:00,187 INFO  - Received event: 30000 (at simulation time IntraVehicleMsg)
2018-09-05 11:28:00,188 INFO  - Received V2X Message from rsu_0 (at simulation time 30.000,400,000 s)
2018-09-05 11:28:00,193 INFO  - Received event: 31000 (at simulation time IntraVehicleMsg)
2018-09-05 11:28:00,199 INFO  - Received event: 32000 (at simulation time IntraVehicleMsg)
2018-09-05 11:28:00,203 INFO  - Received V2X Message from rsu_0 (at simulation time 32.000,900,000 s)
2018-09-05 11:28:00,209 INFO  - Received event: 33000 (at simulation time IntraVehicleMsg)
2018-09-05 11:28:00,217 INFO  - Received event: 34000 (at simulation time IntraVehicleMsg)
2018-09-05 11:28:00,217 INFO  - Received V2X Message from rsu_0 (at simulation time 34.002,400,000 s)
2018-09-05 11:28:00,232 INFO  - Received event: 35000 (at simulation time IntraVehicleMsg)
2018-09-05 11:28:00,250 INFO  - Received event: 36000 (at simulation time IntraVehicleMsg)
2018-09-05 11:28:00,250 INFO  - Received V2X Message from rsu_0 (at simulation time 36.001,900,000 s)
2018-09-05 11:28:00,259 INFO  - Received event: 37000 (at simulation time IntraVehicleMsg)
2018-09-05 11:28:00,278 INFO  - Received event: 38000 (at simulation time IntraVehicleMsg)
2018-09-05 11:28:00,279 INFO  - Received V2X Message from rsu_0 (at simulation time 38.000,400,000 s)
2018-09-05 11:28:00,283 INFO  - Received event: 39000 (at simulation time IntraVehicleMsg)
2018-09-05 11:28:00,295 INFO  - Received event: 40000 (at simulation time IntraVehicleMsg)
2018-09-05 11:28:00,295 INFO  - Received V2X Message from rsu_0 (at simulation time 40.000,900,000 s)
2018-09-05 11:28:00,304 INFO  - Received event: 41000 (at simulation time IntraVehicleMsg)
2018-09-05 11:28:00,310 INFO  - Received event: 42000 (at simulation time IntraVehicleMsg)
2018-09-05 11:28:00,310 INFO  - Received V2X Message from rsu_0 (at simulation time 42.000,400,000 s)
2018-09-05 11:28:00,322 INFO  - Received event: 43000 (at simulation time IntraVehicleMsg)
2018-09-05 11:28:00,335 INFO  - Received event: 44000 (at simulation time IntraVehicleMsg)
2018-09-05 11:28:00,335 INFO  - Received V2X Message from rsu_0 (at simulation time 44.001,400,000 s)
2018-09-05 11:28:00,345 INFO  - Received event: 45000 (at simulation time IntraVehicleMsg)
2018-09-05 11:28:00,367 INFO  - Received event: 46000 (at simulation time IntraVehicleMsg)
2018-09-05 11:28:00,367 INFO  - Received V2X Message from rsu_0 (at simulation time 46.000,900,000 s)
2018-09-05 11:28:00,370 INFO  - Reading sensor (at simulation time 47.000,000,000 s)
2018-09-05 11:28:00,374 INFO  - Received event: 47000 (at simulation time IntraVehicleMsg)
2018-09-05 11:28:00,379 INFO  - Reading sensor (at simulation time 48.000,000,000 s)
2018-09-05 11:28:00,386 INFO  - Received event: 48000 (at simulation time IntraVehicleMsg)
2018-09-05 11:28:00,386 INFO  - Received V2X Message from rsu_0 (at simulation time 48.001,400,000 s)
2018-09-05 11:28:00,389 INFO  - Reading sensor (at simulation time 49.000,000,000 s)
2018-09-05 11:28:00,390 INFO  - Received event: 49000 (at simulation time IntraVehicleMsg)
2018-09-05 11:28:00,437 INFO  - Reading sensor (at simulation time 50.000,000,000 s)
2018-09-05 11:28:00,441 INFO  - Received event: 50000 (at simulation time IntraVehicleMsg)
2018-09-05 11:28:00,441 INFO  - Received V2X Message from rsu_0 (at simulation time 50.001,400,000 s)
2018-09-05 11:28:00,448 INFO  - Reading sensor (at simulation time 51.000,000,000 s)
2018-09-05 11:28:00,450 INFO  - Received event: 51000 (at simulation time IntraVehicleMsg)
2018-09-05 11:28:00,454 INFO  - Reading sensor (at simulation time 52.000,000,000 s)
2018-09-05 11:28:00,460 INFO  - Received event: 52000 (at simulation time IntraVehicleMsg)
2018-09-05 11:28:00,460 INFO  - Received V2X Message from rsu_0 (at simulation time 52.001,900,000 s)
2018-09-05 11:28:00,463 INFO  - Reading sensor (at simulation time 53.000,000,000 s)
2018-09-05 11:28:00,465 INFO  - Received event: 53000 (at simulation time IntraVehicleMsg)
2018-09-05 11:28:00,467 INFO  - Reading sensor (at simulation time 54.000,000,000 s)
2018-09-05 11:28:00,470 INFO  - Received event: 54000 (at simulation time IntraVehicleMsg)
2018-09-05 11:28:00,471 INFO  - Received V2X Message from rsu_0 (at simulation time 54.002,400,000 s)
2018-09-05 11:28:00,479 INFO  - Reading sensor (at simulation time 55.000,000,000 s)
2018-09-05 11:28:00,482 INFO  - Received event: 55000 (at simulation time IntraVehicleMsg)
2018-09-05 11:28:00,487 INFO  - Reading sensor (at simulation time 56.000,000,000 s)
2018-09-05 11:28:00,499 INFO  - Received event: 56000 (at simulation time IntraVehicleMsg)
2018-09-05 11:28:00,499 INFO  - Received V2X Message from rsu_0 (at simulation time 56.001,900,000 s)
2018-09-05 11:28:00,509 INFO  - Reading sensor (at simulation time 57.000,000,000 s)
2018-09-05 11:28:00,510 INFO  - Received event: 57000 (at simulation time IntraVehicleMsg)
2018-09-05 11:28:00,516 INFO  - Reading sensor (at simulation time 58.000,000,000 s)
2018-09-05 11:28:00,519 INFO  - Received event: 58000 (at simulation time IntraVehicleMsg)
2018-09-05 11:28:00,519 INFO  - Received V2X Message from rsu_0 (at simulation time 58.000,400,000 s)
2018-09-05 11:28:00,531 INFO  - Reading sensor (at simulation time 59.000,000,000 s)
2018-09-05 11:28:00,533 INFO  - Received event: 59000 (at simulation time IntraVehicleMsg)
2018-09-05 11:28:00,535 INFO  - Reading sensor (at simulation time 60.000,000,000 s)
2018-09-05 11:28:00,546 INFO  - Received event: 60000 (at simulation time IntraVehicleMsg)
2018-09-05 11:28:00,547 INFO  - Received V2X Message from rsu_0 (at simulation time 60.002,400,000 s)
2018-09-05 11:28:00,550 INFO  - Received event: 61000 (at simulation time IntraVehicleMsg)
2018-09-05 11:28:00,563 INFO  - Received event: 62000 (at simulation time IntraVehicleMsg)
2018-09-05 11:28:00,563 INFO  - Received V2X Message from rsu_0 (at simulation time 62.000,900,000 s)
2018-09-05 11:28:00,567 INFO  - Received event: 63000 (at simulation time IntraVehicleMsg)
2018-09-05 11:28:00,571 INFO  - Received event: 64000 (at simulation time IntraVehicleMsg)
2018-09-05 11:28:00,572 INFO  - Received V2X Message from rsu_0 (at simulation time 64.001,900,000 s)
2018-09-05 11:28:00,582 INFO  - Received event: 65000 (at simulation time IntraVehicleMsg)
2018-09-05 11:28:00,591 INFO  - Received event: 66000 (at simulation time IntraVehicleMsg)
2018-09-05 11:28:00,591 INFO  - Received V2X Message from rsu_0 (at simulation time 66.000,900,000 s)
2018-09-05 11:28:00,595 INFO  - Received event: 67000 (at simulation time IntraVehicleMsg)
2018-09-05 11:28:00,600 INFO  - Received event: 68000 (at simulation time IntraVehicleMsg)
2018-09-05 11:28:00,600 INFO  - Received V2X Message from rsu_0 (at simulation time 68.000,900,000 s)
2018-09-05 11:28:00,603 INFO  - Received event: 69000 (at simulation time IntraVehicleMsg)
2018-09-05 11:28:00,611 INFO  - Received event: 70000 (at simulation time IntraVehicleMsg)
2018-09-05 11:28:00,613 INFO  - Received V2X Message from rsu_0 (at simulation time 70.001,400,000 s)
2018-09-05 11:28:00,616 INFO  - Received event: 71000 (at simulation time IntraVehicleMsg)
2018-09-05 11:28:00,622 INFO  - Received event: 72000 (at simulation time IntraVehicleMsg)
2018-09-05 11:28:00,622 INFO  - Received V2X Message from rsu_0 (at simulation time 72.000,900,000 s)
2018-09-05 11:28:00,627 INFO  - Received event: 73000 (at simulation time IntraVehicleMsg)
2018-09-05 11:28:00,633 INFO  - Received event: 74000 (at simulation time IntraVehicleMsg)
2018-09-05 11:28:00,633 INFO  - Received V2X Message from rsu_0 (at simulation time 74.002,400,000 s)
2018-09-05 11:28:00,637 INFO  - Received event: 75000 (at simulation time IntraVehicleMsg)
2018-09-05 11:28:00,649 INFO  - Received event: 76000 (at simulation time IntraVehicleMsg)
2018-09-05 11:28:00,649 INFO  - Received V2X Message from rsu_0 (at simulation time 76.000,900,000 s)
2018-09-05 11:28:00,652 INFO  - Received event: 77000 (at simulation time IntraVehicleMsg)
2018-09-05 11:28:00,669 INFO  - Received event: 78000 (at simulation time IntraVehicleMsg)
2018-09-05 11:28:00,684 INFO  - Received V2X Message from rsu_0 (at simulation time 78.001,900,000 s)
2018-09-05 11:28:00,700 INFO  - Received event: 79000 (at simulation time IntraVehicleMsg)
2018-09-05 11:28:00,712 INFO  - Received event: 80000 (at simulation time IntraVehicleMsg)
2018-09-05 11:28:00,712 INFO  - Received V2X Message from rsu_0 (at simulation time 80.001,900,000 s)
2018-09-05 11:28:00,719 INFO  - Received event: 81000 (at simulation time IntraVehicleMsg)
2018-09-05 11:28:00,732 INFO  - Received event: 82000 (at simulation time IntraVehicleMsg)
2018-09-05 11:28:00,732 INFO  - Received V2X Message from rsu_0 (at simulation time 82.002,400,000 s)
2018-09-05 11:28:00,738 INFO  - Received event: 83000 (at simulation time IntraVehicleMsg)
2018-09-05 11:28:00,752 INFO  - Received event: 84000 (at simulation time IntraVehicleMsg)
2018-09-05 11:28:00,752 INFO  - Received V2X Message from rsu_0 (at simulation time 84.001,900,000 s)
2018-09-05 11:28:00,755 INFO  - Received event: 85000 (at simulation time IntraVehicleMsg)
2018-09-05 11:28:00,769 INFO  - Received event: 86000 (at simulation time IntraVehicleMsg)
2018-09-05 11:28:00,769 INFO  - Received V2X Message from rsu_0 (at simulation time 86.002,400,000 s)
2018-09-05 11:28:00,772 INFO  - Received event: 87000 (at simulation time IntraVehicleMsg)
2018-09-05 11:28:00,784 INFO  - Received event: 88000 (at simulation time IntraVehicleMsg)
2018-09-05 11:28:00,784 INFO  - Received V2X Message from rsu_0 (at simulation time 88.000,900,000 s)
2018-09-05 11:28:00,788 INFO  - Received event: 89000 (at simulation time IntraVehicleMsg)
2018-09-05 11:28:00,800 INFO  - Received event: 90000 (at simulation time IntraVehicleMsg)
2018-09-05 11:28:00,800 INFO  - Received V2X Message from rsu_0 (at simulation time 90.000,900,000 s)
2018-09-05 11:28:00,809 INFO  - Received event: 91000 (at simulation time IntraVehicleMsg)
2018-09-05 11:28:00,814 INFO  - Received event: 92000 (at simulation time IntraVehicleMsg)
2018-09-05 11:28:00,814 INFO  - Received V2X Message from rsu_0 (at simulation time 92.001,900,000 s)
2018-09-05 11:28:00,821 INFO  - Received event: 93000 (at simulation time IntraVehicleMsg)
2018-09-05 11:28:00,829 INFO  - Received event: 94000 (at simulation time IntraVehicleMsg)
2018-09-05 11:28:00,829 INFO  - Received V2X Message from rsu_0 (at simulation time 94.000,900,000 s)
2018-09-05 11:28:00,841 INFO  - Received event: 95000 (at simulation time IntraVehicleMsg)
2018-09-05 11:28:00,846 INFO  - Received event: 96000 (at simulation time IntraVehicleMsg)
2018-09-05 11:28:00,846 INFO  - Received V2X Message from rsu_0 (at simulation time 96.001,900,000 s)
2018-09-05 11:28:00,854 INFO  - Received event: 97000 (at simulation time IntraVehicleMsg)
2018-09-05 11:28:00,860 INFO  - Received event: 98000 (at simulation time IntraVehicleMsg)
2018-09-05 11:28:00,860 INFO  - Received V2X Message from rsu_0 (at simulation time 98.001,900,000 s)
2018-09-05 11:28:00,869 INFO  - Received event: 99000 (at simulation time IntraVehicleMsg)
2018-09-05 11:28:00,886 INFO  - Received event: 100000 (at simulation time IntraVehicleMsg)
2018-09-05 11:28:00,886 INFO  - Received V2X Message from rsu_0 (at simulation time 100.001,900,000 s)
2018-09-05 11:28:00,889 INFO  - Received event: 101000 (at simulation time IntraVehicleMsg)
2018-09-05 11:28:00,896 INFO  - Received event: 102000 (at simulation time IntraVehicleMsg)
2018-09-05 11:28:00,896 INFO  - Received V2X Message from rsu_0 (at simulation time 102.000,900,000 s)
2018-09-05 11:28:00,899 INFO  - Received event: 103000 (at simulation time IntraVehicleMsg)
2018-09-05 11:28:00,904 INFO  - Received event: 104000 (at simulation time IntraVehicleMsg)
2018-09-05 11:28:00,904 INFO  - Received V2X Message from rsu_0 (at simulation time 104.001,400,000 s)
2018-09-05 11:28:00,926 INFO  - Received event: 105000 (at simulation time IntraVehicleMsg)
2018-09-05 11:28:00,934 INFO  - Received event: 106000 (at simulation time IntraVehicleMsg)
2018-09-05 11:28:00,934 INFO  - Received V2X Message from rsu_0 (at simulation time 106.001,400,000 s)
2018-09-05 11:28:00,937 INFO  - Received event: 107000 (at simulation time IntraVehicleMsg)
2018-09-05 11:28:00,944 INFO  - Received event: 108000 (at simulation time IntraVehicleMsg)
2018-09-05 11:28:00,944 INFO  - Received V2X Message from rsu_0 (at simulation time 108.001,400,000 s)
2018-09-05 11:28:00,949 INFO  - Received event: 109000 (at simulation time IntraVehicleMsg)
2018-09-05 11:28:00,959 INFO  - Received event: 110000 (at simulation time IntraVehicleMsg)
2018-09-05 11:28:00,960 INFO  - Received V2X Message from rsu_0 (at simulation time 110.000,400,000 s)
2018-09-05 11:28:00,964 INFO  - Received event: 111000 (at simulation time IntraVehicleMsg)
2018-09-05 11:28:00,968 INFO  - Received event: 112000 (at simulation time IntraVehicleMsg)
2018-09-05 11:28:00,969 INFO  - Received V2X Message from rsu_0 (at simulation time 112.000,900,000 s)
2018-09-05 11:28:00,971 INFO  - Received event: 113000 (at simulation time IntraVehicleMsg)
2018-09-05 11:28:00,980 INFO  - Received event: 114000 (at simulation time IntraVehicleMsg)
2018-09-05 11:28:00,980 INFO  - Received V2X Message from rsu_0 (at simulation time 114.001,400,000 s)
2018-09-05 11:28:00,987 INFO  - Received event: 115000 (at simulation time IntraVehicleMsg)
2018-09-05 11:28:01,002 INFO  - Received event: 116000 (at simulation time IntraVehicleMsg)
2018-09-05 11:28:01,002 INFO  - Received V2X Message from rsu_0 (at simulation time 116.001,400,000 s)
2018-09-05 11:28:01,006 INFO  - Received event: 117000 (at simulation time IntraVehicleMsg)
2018-09-05 11:28:01,013 INFO  - Received event: 118000 (at simulation time IntraVehicleMsg)
2018-09-05 11:28:01,014 INFO  - Received V2X Message from rsu_0 (at simulation time 118.001,900,000 s)
2018-09-05 11:28:01,016 INFO  - Received event: 119000 (at simulation time IntraVehicleMsg)
2018-09-05 11:28:01,027 INFO  - Received event: 120000 (at simulation time IntraVehicleMsg)
2018-09-05 11:28:01,027 INFO  - Received V2X Message from rsu_0 (at simulation time 120.002,400,000 s)
2018-09-05 11:28:01,031 INFO  - Received event: 121000 (at simulation time IntraVehicleMsg)
2018-09-05 11:28:01,042 INFO  - Received event: 122000 (at simulation time IntraVehicleMsg)
2018-09-05 11:28:01,042 INFO  - Received V2X Message from rsu_0 (at simulation time 122.001,900,000 s)
2018-09-05 11:28:01,051 INFO  - Received event: 123000 (at simulation time IntraVehicleMsg)
2018-09-05 11:28:01,063 INFO  - Received event: 124000 (at simulation time IntraVehicleMsg)
2018-09-05 11:28:01,063 INFO  - Received V2X Message from rsu_0 (at simulation time 124.002,400,000 s)
2018-09-05 11:28:01,082 INFO  - Received event: 125000 (at simulation time IntraVehicleMsg)
2018-09-05 11:28:01,087 INFO  - Received event: 126000 (at simulation time IntraVehicleMsg)
2018-09-05 11:28:01,087 INFO  - Received V2X Message from rsu_0 (at simulation time 126.000,400,000 s)
2018-09-05 11:28:01,103 INFO  - Received event: 127000 (at simulation time IntraVehicleMsg)
2018-09-05 11:28:01,118 INFO  - Received event: 128000 (at simulation time IntraVehicleMsg)
2018-09-05 11:28:01,118 INFO  - Received V2X Message from rsu_0 (at simulation time 128.001,900,000 s)
2018-09-05 11:28:01,131 INFO  - Received event: 129000 (at simulation time IntraVehicleMsg)
2018-09-05 11:28:01,148 INFO  - Received event: 130000 (at simulation time IntraVehicleMsg)
2018-09-05 11:28:01,148 INFO  - Received V2X Message from rsu_0 (at simulation time 130.000,900,000 s)
2018-09-05 11:28:01,150 INFO  - Received event: 131000 (at simulation time IntraVehicleMsg)
2018-09-05 11:28:01,168 INFO  - Received event: 132000 (at simulation time IntraVehicleMsg)
2018-09-05 11:28:01,168 INFO  - Received V2X Message from rsu_0 (at simulation time 132.001,400,000 s)
2018-09-05 11:28:01,177 INFO  - Received event: 133000 (at simulation time IntraVehicleMsg)
2018-09-05 11:28:01,197 INFO  - Received event: 134000 (at simulation time IntraVehicleMsg)
2018-09-05 11:28:01,198 INFO  - Received V2X Message from rsu_0 (at simulation time 134.000,900,000 s)
2018-09-05 11:28:01,202 INFO  - Received event: 135000 (at simulation time IntraVehicleMsg)
2018-09-05 11:28:01,215 INFO  - Received event: 136000 (at simulation time IntraVehicleMsg)
2018-09-05 11:28:01,215 INFO  - Received V2X Message from rsu_0 (at simulation time 136.001,900,000 s)
2018-09-05 11:28:01,217 INFO  - Received event: 137000 (at simulation time IntraVehicleMsg)
2018-09-05 11:28:01,221 INFO  - Received event: 138000 (at simulation time IntraVehicleMsg)
2018-09-05 11:28:01,230 INFO  - Received V2X Message from rsu_0 (at simulation time 138.002,400,000 s)
2018-09-05 11:28:01,233 INFO  - Received event: 139000 (at simulation time IntraVehicleMsg)
2018-09-05 11:28:01,237 INFO  - Received event: 140000 (at simulation time IntraVehicleMsg)
2018-09-05 11:28:01,237 INFO  - Received V2X Message from rsu_0 (at simulation time 140.002,400,000 s)
2018-09-05 11:28:01,248 INFO  - Received event: 141000 (at simulation time IntraVehicleMsg)
2018-09-05 11:28:01,252 INFO  - Received event: 142000 (at simulation time IntraVehicleMsg)
2018-09-05 11:28:01,253 INFO  - Received V2X Message from rsu_0 (at simulation time 142.001,400,000 s)
2018-09-05 11:28:01,264 INFO  - Received event: 143000 (at simulation time IntraVehicleMsg)
2018-09-05 11:28:01,268 INFO  - Received event: 144000 (at simulation time IntraVehicleMsg)
2018-09-05 11:28:01,268 INFO  - Received V2X Message from rsu_0 (at simulation time 144.000,400,000 s)
2018-09-05 11:28:01,278 INFO  - Received event: 145000 (at simulation time IntraVehicleMsg)
2018-09-05 11:28:01,282 INFO  - Received event: 146000 (at simulation time IntraVehicleMsg)
2018-09-05 11:28:01,282 INFO  - Received V2X Message from rsu_0 (at simulation time 146.000,400,000 s)
2018-09-05 11:28:01,285 INFO  - Received event: 147000 (at simulation time IntraVehicleMsg)
2018-09-05 11:28:01,296 INFO  - Received event: 148000 (at simulation time IntraVehicleMsg)
2018-09-05 11:28:01,296 INFO  - Received V2X Message from rsu_0 (at simulation time 148.000,400,000 s)
2018-09-05 11:28:01,299 INFO  - Received event: 149000 (at simulation time IntraVehicleMsg)
2018-09-05 11:28:01,303 INFO  - Received event: 150000 (at simulation time IntraVehicleMsg)
2018-09-05 11:28:01,303 INFO  - Received V2X Message from rsu_0 (at simulation time 150.001,900,000 s)
2018-09-05 11:28:01,314 INFO  - Received event: 151000 (at simulation time IntraVehicleMsg)
2018-09-05 11:28:01,317 INFO  - Received event: 152000 (at simulation time IntraVehicleMsg)
2018-09-05 11:28:01,317 INFO  - Received V2X Message from rsu_0 (at simulation time 152.001,900,000 s)
2018-09-05 11:28:01,320 INFO  - Received event: 153000 (at simulation time IntraVehicleMsg)
2018-09-05 11:28:01,331 INFO  - Received event: 154000 (at simulation time IntraVehicleMsg)
2018-09-05 11:28:01,331 INFO  - Received V2X Message from rsu_0 (at simulation time 154.001,900,000 s)
2018-09-05 11:28:01,335 INFO  - Received event: 155000 (at simulation time IntraVehicleMsg)
2018-09-05 11:28:01,346 INFO  - Received event: 156000 (at simulation time IntraVehicleMsg)
2018-09-05 11:28:01,347 INFO  - Received V2X Message from rsu_0 (at simulation time 156.001,900,000 s)
2018-09-05 11:28:01,349 INFO  - Received event: 157000 (at simulation time IntraVehicleMsg)
2018-09-05 11:28:01,353 INFO  - Received event: 158000 (at simulation time IntraVehicleMsg)
2018-09-05 11:28:01,354 INFO  - Received V2X Message from rsu_0 (at simulation time 158.001,400,000 s)
2018-09-05 11:28:01,363 INFO  - Received event: 159000 (at simulation time IntraVehicleMsg)
2018-09-05 11:28:01,367 INFO  - Received event: 160000 (at simulation time IntraVehicleMsg)
2018-09-05 11:28:01,367 INFO  - Received V2X Message from rsu_0 (at simulation time 160.001,900,000 s)
2018-09-05 11:28:01,369 INFO  - Received event: 161000 (at simulation time IntraVehicleMsg)
2018-09-05 11:28:01,380 INFO  - Received event: 162000 (at simulation time IntraVehicleMsg)
2018-09-05 11:28:01,380 INFO  - Received V2X Message from rsu_0 (at simulation time 162.001,400,000 s)
2018-09-05 11:28:01,383 INFO  - Received event: 163000 (at simulation time IntraVehicleMsg)
2018-09-05 11:28:01,386 INFO  - Received event: 164000 (at simulation time IntraVehicleMsg)
2018-09-05 11:28:01,386 INFO  - Received V2X Message from rsu_0 (at simulation time 164.000,900,000 s)
2018-09-05 11:28:01,397 INFO  - Received event: 165000 (at simulation time IntraVehicleMsg)
2018-09-05 11:28:01,400 INFO  - Received event: 166000 (at simulation time IntraVehicleMsg)
2018-09-05 11:28:01,400 INFO  - Received V2X Message from rsu_0 (at simulation time 166.001,400,000 s)
2018-09-05 11:28:01,403 INFO  - Received event: 167000 (at simulation time IntraVehicleMsg)
2018-09-05 11:28:01,414 INFO  - Received event: 168000 (at simulation time IntraVehicleMsg)
2018-09-05 11:28:01,414 INFO  - Received V2X Message from rsu_0 (at simulation time 168.001,400,000 s)
2018-09-05 11:28:01,416 INFO  - Received event: 169000 (at simulation time IntraVehicleMsg)
2018-09-05 11:28:01,420 INFO  - Received event: 170000 (at simulation time IntraVehicleMsg)
2018-09-05 11:28:01,420 INFO  - Received V2X Message from rsu_0 (at simulation time 170.000,400,000 s)
2018-09-05 11:28:01,430 INFO  - Received event: 171000 (at simulation time IntraVehicleMsg)
2018-09-05 11:28:01,433 INFO  - Received event: 172000 (at simulation time IntraVehicleMsg)
2018-09-05 11:28:01,434 INFO  - Received V2X Message from rsu_0 (at simulation time 172.001,400,000 s)
2018-09-05 11:28:01,436 INFO  - Received event: 173000 (at simulation time IntraVehicleMsg)
2018-09-05 11:28:01,446 INFO  - Received event: 174000 (at simulation time IntraVehicleMsg)
2018-09-05 11:28:01,446 INFO  - Received V2X Message from rsu_0 (at simulation time 174.000,400,000 s)
2018-09-05 11:28:01,450 INFO  - Received event: 175000 (at simulation time IntraVehicleMsg)
2018-09-05 11:28:01,454 INFO  - Received event: 176000 (at simulation time IntraVehicleMsg)
2018-09-05 11:28:01,454 INFO  - Received V2X Message from rsu_0 (at simulation time 176.000,900,000 s)
2018-09-05 11:28:01,464 INFO  - Received event: 177000 (at simulation time IntraVehicleMsg)
2018-09-05 11:28:01,467 INFO  - Received event: 178000 (at simulation time IntraVehicleMsg)
2018-09-05 11:28:01,467 INFO  - Received V2X Message from rsu_0 (at simulation time 178.000,900,000 s)
2018-09-05 11:28:01,469 INFO  - Received event: 179000 (at simulation time IntraVehicleMsg)
2018-09-05 11:28:01,471 INFO  - Shutdown application (at simulation time 179.000,000,010 s)
