2018-09-01 12:44:54,787 INFO  VSimRTIStarter - File found, read successfully.
The following object was created (This is the created, internal JSON data object and might differ from the initial JSON-String read).
The normal string representation.
{"localHosts":[{"id":"local","workingDirectory":"./tmp","address":"localhost","operatingSystem":"linux"}],"remoteHosts":[{"user":"username","password":"password","port":22,"id":"remote","workingDirectory":"/home/vsimrti/test/tmp","address":"192.168.0.1","operatingSystem":"linux"}]}
The pretty string representation.
{
  "localHosts": [
    {
      "id": "local",
      "workingDirectory": "./tmp",
      "address": "localhost",
      "operatingSystem": "linux"
    }
  ],
  "remoteHosts": [
    {
      "user": "username",
      "password": "password",
      "port": 22,
      "id": "remote",
      "workingDirectory": "/home/vsimrti/test/tmp",
      "address": "192.168.0.1",
      "operatingSystem": "linux"
    }
  ]
}
2018-09-01 12:44:55,119 INFO  VSimRTIStarter - Port not given (port == 0). Find free port: 45307
2018-09-01 12:44:55,929 INFO  VisualizationAmbassador - connectToFederate
2018-09-01 12:44:56,019 INFO  VisualizationAmbassador - cfg instanceof ExternalVisualizerConfig
2018-09-01 12:44:56,092 INFO  VisualizationAmbassador - register the initialized visualizer
2018-09-01 12:44:56,092 INFO  VisualizationAmbassador - cfg instanceof ExternalVisualizerConfig
2018-09-01 12:44:56,093 INFO  VisualizationAmbassador - register the initialized visualizer
2018-09-01 12:44:58,174 INFO  LicenseCheck - writing license file
2018-09-01 12:44:58,189 INFO  f - License valid
2018-09-01 12:44:58,225 INFO  FederationManagement - Federation with id= Tiergarten is started
2018-09-01 12:44:58,226 INFO  FederationManagement - join federate with id sns
2018-09-01 12:44:58,227 INFO  FederationManagement - join federate with id sumo
2018-09-01 12:44:58,259 INFO  FederationManagement - Start sumo local in ./tmp/sumo
2018-09-01 12:44:58,260 INFO  FederationManagement - join federate with id applicationNT
2018-09-01 12:44:58,260 INFO  FederationManagement - join federate with id eventserver
2018-09-01 12:44:58,260 INFO  FederationManagement - join federate with id mapping3
2018-09-01 12:44:58,260 INFO  FederationManagement - join federate with id battery
2018-09-01 12:44:58,260 INFO  FederationManagement - join federate with id visualizer
2018-09-01 12:44:58,511 WARN  SQLiteLoader - Error loading roundabouts: [SQLITE_ERROR] SQL error or missing database (no such table: Roundabout). Skipping
2018-09-01 12:45:04,317 ERROR VSimRTIStarter - Could not subscribe for vehicle veh_0
2018-09-01 12:45:04,334 ERROR VSimRTIStarter - com.dcaiti.vsimrti.rti.exceptions.InternalFederateException: Could not subscribe for vehicle veh_0
	at com.dcaiti.vsimrti.fed.sumo.traci.facades.TraciSimulationFacade.subscribeForVehicle(TraciSimulationFacade.java:142)
	at com.dcaiti.vsimrti.fed.sumo.ambassador.SumoAmbassador.flushNotYetAddedVehicles(SumoAmbassador.java:256)
	at com.dcaiti.vsimrti.fed.sumo.ambassador.AbstractSumoAmbassador.processTimeAdvanceGrant(AbstractSumoAmbassador.java:946)
	at com.dcaiti.vsimrti.rti.services.AbstractFederateAmbassador.advanceTime(Unknown Source)
	at com.dcaiti.vsimrti.rti.services.time.a.runSimulation(Unknown Source)
	at com.dcaiti.vsimrti.start.XMLConfigRunner.runSimulation(XMLConfigRunner.java:725)
	at com.dcaiti.vsimrti.start.XMLConfigRunner.main(XMLConfigRunner.java:241)
	at sun.reflect.NativeMethodAccessorImpl.invoke0(Native Method)
	at sun.reflect.NativeMethodAccessorImpl.invoke(NativeMethodAccessorImpl.java:62)
	at sun.reflect.DelegatingMethodAccessorImpl.invoke(DelegatingMethodAccessorImpl.java:43)
	at java.lang.reflect.Method.invoke(Method.java:498)
	at com.dcaiti.start.VsimrtiEmbeddedStarter.VsimrtiEmbeddedStarter.start(VsimrtiEmbeddedStarter.java:232)
	at com.dcaiti.start.VsimrtiEmbeddedStarter.VsimrtiEmbeddedStarter.main(VsimrtiEmbeddedStarter.java:280)
Caused by: com.dcaiti.vsimrti.fed.sumo.traci.TraciCommandException: TraCI Command failed: Could not add subscription (Get Vehicle Variable: unsupported variable specifiedGet Vehicle Variable: unsupported variable specified).
	at com.dcaiti.vsimrti.fed.sumo.traci.AbstractTraciCommand.readResults(AbstractTraciCommand.java:226)
	at com.dcaiti.vsimrti.fed.sumo.traci.AbstractTraciCommand.execute(AbstractTraciCommand.java:86)
	at com.dcaiti.vsimrti.fed.sumo.traci.commands.VehicleSubscribe.execute(VehicleSubscribe.java:110)
	at com.dcaiti.vsimrti.fed.sumo.traci.facades.TraciSimulationFacade.subscribeForVehicle(TraciSimulationFacade.java:140)
	... 12 more

2018-09-01 12:45:04,334 ERROR VSimRTIStarter - Stopping simulation due to critical error.
2018-09-01 12:45:05,079 INFO  VSimRTIStarter - Simulation stated: 2018-09-01 12:44:51
2018-09-01 12:45:05,079 INFO  VSimRTIStarter - Simulation ended: 2018-09-01 12:45:05
2018-09-01 12:45:05,079 INFO  VSimRTIStarter - Finishing simulation (duration: 13.602s = 13602.0ms)
