2018-09-05 11:27:37,536 INFO  SumoGUIAmbassador - File found, read successfully.
The following object was created (This is the created, internal JSON data object and might differ from the initial JSON-String read).
The normal string representation.
{"updateInterval":1000,"sumoConfigurationFile":"tiergarten.sumo.cfg","exitOnInsertionError":true,"additionalSumoParameters":" --time-to-teleport 0  --seed 100000"}
The pretty string representation.
{
  "updateInterval": 1000,
  "sumoConfigurationFile": "tiergarten.sumo.cfg",
  "exitOnInsertionError": true,
  "additionalSumoParameters": " --time-to-teleport 0  --seed 100000"
}
2018-09-05 11:27:37,536 INFO  SumoGUIAmbassador - cSumo.updateInterval: 1000
2018-09-05 11:27:37,536 INFO  SumoGUIAmbassador - cSumo.sumoConfigurationFile: tiergarten.sumo.cfg
2018-09-05 11:27:37,536 INFO  SumoGUIAmbassador - cSumo.sumoConfigurationFile: tiergarten.sumo.cfg
2018-09-05 11:27:37,557 INFO  SumoGUIAmbassador - routeFilename: tiergarten.rou.xml
2018-09-05 11:27:37,567 INFO  SumoGUIAmbassador - stepSize: 1.0
2018-09-05 11:27:39,149 INFO  SumoGUIAmbassador - Start Federate local
2018-09-05 11:27:39,149 INFO  SumoGUIAmbassador - Directory: ./tmp/sumo
2018-09-05 11:27:39,158 WARN  SumoGUIAmbassador - Error while connecting to SUMO. Retrying.
2018-09-05 11:27:40,161 INFO  SumoGUIAmbassador - Process SumoAmbassador : Loading configuration... done.
2018-09-05 11:27:59,202 INFO  SumoGUIAmbassador - Current API version of SUMO is 16 (=SUMO 0.31.0)
2018-09-05 11:27:59,467 INFO  SumoGUIAmbassador - Receive ChangeTrafficLightsState request
2018-09-05 11:27:59,467 INFO  SumoGUIAmbassador - ChangeTrafficLightsState At 0 tlUnitId=tl_0 tlGroupId=252864801 paramType=ProgramId
2018-09-05 11:27:59,507 INFO  SumoGUIAmbassador - Receive ChangeTrafficLightsState request
2018-09-05 11:27:59,508 INFO  SumoGUIAmbassador - ChangeTrafficLightsState At 0 tlUnitId=tl_1 tlGroupId=27011311 paramType=ProgramId
2018-09-05 11:27:59,516 INFO  SumoGUIAmbassador - AddedVehicle "veh_0" received at simulation time 1000000000 ns
2018-09-05 11:27:59,518 INFO  SumoGUIAmbassador - Adding new vehicle "veh_0" at simulation time 1000000000 ns (type=PKW,routeId=0,laneId=0,departPos=0)
2018-09-05 11:27:59,654 INFO  SumoGUIAmbassador - AddedVehicle "veh_1" received at simulation time 5000000000 ns
2018-09-05 11:27:59,686 INFO  SumoGUIAmbassador - Adding new vehicle "veh_1" at simulation time 5000000000 ns (type=PKW,routeId=0,laneId=0,departPos=0)
2018-09-05 11:27:59,761 INFO  SumoGUIAmbassador - AddedVehicle "veh_2" received at simulation time 8000000000 ns
2018-09-05 11:27:59,764 INFO  SumoGUIAmbassador - Adding new vehicle "veh_2" at simulation time 8000000000 ns (type=TLPKW,routeId=0,laneId=0,departPos=0)
2018-09-05 11:27:59,901 INFO  SumoGUIAmbassador - AddedVehicle "veh_3" received at simulation time 10000000000 ns
2018-09-05 11:27:59,917 INFO  SumoGUIAmbassador - Adding new vehicle "veh_3" at simulation time 10000000000 ns (type=PKW,routeId=0,laneId=0,departPos=0)
2018-09-05 11:28:01,479 INFO  SumoGUIAmbassador - Closing sumo traci
2018-09-05 11:28:01,481 INFO  SumoGUIAmbassador - Finished simulation
